SF:lib/navigation/navigator.dart
DA:12,2
DA:13,3
DA:15,2
DA:16,3
DA:21,1
DA:22,1
DA:23,1
DA:24,1
DA:25,3
DA:26,0
DA:27,0
DA:31,1
DA:32,3
DA:35,1
DA:56,2
DA:57,4
DA:59,1
DA:60,2
DA:62,4
DA:63,2
DA:64,4
DA:66,10
DA:70,8
DA:72,5
DA:73,10
DA:74,2
DA:75,18
DA:76,6
DA:77,8
DA:80,2
DA:81,3
DA:84,1
DA:86,2
LF:33
LH:31
end_of_record
SF:lib/book_details/page.dart
DA:8,2
DA:10,0
DA:12,0
DA:18,0
DA:20,0
DA:21,0
DA:24,0
DA:25,0
DA:26,0
DA:27,0
DA:28,0
DA:37,0
DA:39,0
DA:40,0
DA:43,0
DA:44,0
DA:46,0
DA:48,0
LF:18
LH:1
end_of_record
SF:lib/common/bookstore_scaffold.dart
DA:7,1
DA:9,1
DA:10,1
DA:11,1
DA:12,1
DA:13,2
DA:15,1
DA:16,1
LF:8
LH:8
end_of_record
SF:lib/books/page.dart
DA:7,8
DA:8,14
DA:12,4
DA:13,1
DA:15,3
DA:21,2
DA:22,1
DA:24,1
DA:25,2
DA:26,1
DA:27,3
DA:35,2
DA:36,1
DA:37,1
DA:38,0
DA:39,1
DA:40,3
DA:41,4
LF:18
LH:17
end_of_record
SF:lib/categories/page.dart
DA:8,2
DA:10,1
DA:12,2
DA:16,1
DA:18,2
DA:19,1
DA:20,1
DA:21,2
DA:22,1
DA:31,2
DA:33,1
DA:34,1
DA:35,6
DA:36,1
DA:37,3
LF:15
LH:15
end_of_record
SF:lib/landing_page/page.dart
DA:5,4
DA:6,4
DA:7,4
DA:10,2
DA:12,1
DA:14,3
DA:15,1
DA:16,1
DA:17,3
DA:19,1
DA:20,1
DA:22,1
DA:23,1
DA:24,1
DA:26,1
DA:27,2
DA:30,1
DA:31,1
DA:33,3
LF:19
LH:19
end_of_record
SF:lib/search/page.dart
DA:5,2
DA:7,0
DA:9,0
DA:13,0
LF:4
LH:1
end_of_record
SF:lib/main.dart
DA:5,0
DA:6,0
DA:10,2
DA:12,1
DA:14,1
DA:15,2
DA:16,2
DA:18,1
LF:8
LH:6
end_of_record
