SF:lib/main.dart
DA:5,0
DA:6,0
DA:10,2
DA:12,1
DA:14,1
DA:15,1
DA:16,1
DA:18,1
LF:8
LH:6
end_of_record
SF:lib/book_details/page.dart
DA:8,0
DA:10,0
DA:12,0
DA:18,0
DA:20,0
DA:21,0
DA:24,0
DA:25,0
DA:26,0
DA:27,0
DA:28,0
DA:37,0
DA:39,0
DA:40,0
DA:43,0
DA:44,0
DA:46,0
DA:48,0
LF:18
LH:0
end_of_record
SF:lib/common/bookstore_scaffold.dart
DA:7,1
DA:9,1
DA:10,1
DA:11,1
DA:12,1
DA:13,2
DA:15,1
DA:16,1
LF:8
LH:8
end_of_record
SF:lib/books/page.dart
DA:8,0
DA:13,0
DA:14,0
DA:16,0
DA:22,0
DA:23,0
DA:25,0
DA:26,0
DA:27,0
DA:28,0
DA:36,0
DA:37,0
DA:38,0
DA:39,0
DA:40,0
DA:41,0
DA:42,0
LF:17
LH:0
end_of_record
SF:lib/navigation/navigator.dart
DA:12,2
DA:13,3
DA:15,2
DA:16,3
DA:21,1
DA:22,1
DA:23,1
DA:24,1
DA:25,3
DA:26,0
DA:27,0
DA:31,1
DA:32,3
DA:35,1
DA:56,0
DA:57,0
DA:59,0
DA:60,0
DA:62,2
DA:63,1
DA:64,2
DA:68,3
DA:70,0
DA:71,5
DA:72,0
DA:73,0
DA:74,0
DA:75,0
DA:76,0
DA:79,2
DA:80,3
DA:83,1
DA:85,2
LF:33
LH:21
end_of_record
SF:lib/categories/page.dart
DA:9,1
DA:11,1
DA:13,2
DA:17,1
DA:19,2
DA:20,1
DA:21,1
DA:22,2
DA:23,1
DA:32,2
DA:34,1
DA:35,1
DA:36,0
DA:37,1
DA:38,3
LF:15
LH:14
end_of_record
SF:lib/landing_page/page.dart
DA:5,4
DA:6,4
DA:7,4
DA:10,1
DA:12,1
DA:14,2
DA:15,1
DA:16,1
DA:17,2
DA:19,1
DA:20,1
DA:22,1
DA:23,1
DA:24,1
DA:26,1
DA:27,1
DA:30,1
DA:31,1
DA:33,2
LF:19
LH:19
end_of_record
SF:lib/search/page.dart
DA:6,1
DA:8,0
DA:10,0
DA:14,0
LF:4
LH:1
end_of_record
